<?xml version="1.0" encoding="UTF-8"?>
<!-- Generated by org.testng.reporters.JUnitReportReporter -->
<testsuite hostname="LAPTOP-SDASGDOQ" failures="0" tests="1" name="com.gmail.testscript.Mail" time="0.904" errors="0" timestamp="2023-06-25T11:34:27 IST" skipped="0">
  <testcase classname="com.gmail.testscript.Mail" name="compose" time="0.904"/>
  <system-out>
    <![CDATA[hiiiiii]]>
  </system-out>
</testsuite> <!-- com.gmail.testscript.Mail -->
